manifest-merger-release-report.txt
-- Merging decision tree log ---
manifest
ADDED from AndroidManifest.xml:2:1
	xmlns:android
		ADDED from AndroidManifest.xml:2:11
	package
		ADDED from AndroidManifest.xml:3:5
		INJECTED from AndroidManifest.xml:0:0
		INJECTED from AndroidManifest.xml:0:0
	android:versionName
		ADDED from AndroidManifest.xml:5:5
		INJECTED from AndroidManifest.xml:0:0
		INJECTED from AndroidManifest.xml:0:0
	android:versionCode
		ADDED from AndroidManifest.xml:4:5
		INJECTED from AndroidManifest.xml:0:0
		INJECTED from AndroidManifest.xml:0:0
uses-sdk
ADDED from AndroidManifest.xml:7:5
	android:targetSdkVersion
		ADDED from AndroidManifest.xml:9:9
		INJECTED from AndroidManifest.xml:0:0
		INJECTED from AndroidManifest.xml:0:0
	android:minSdkVersion
		ADDED from AndroidManifest.xml:8:9
		INJECTED from AndroidManifest.xml:0:0
		INJECTED from AndroidManifest.xml:0:0
uses-permission#android.permission.INTERNET
ADDED from AndroidManifest.xml:11:5
	android:name
		ADDED from AndroidManifest.xml:11:22
uses-permission#android.permission.WRITE_EXTERNAL_STORAGE
ADDED from AndroidManifest.xml:12:5
	android:name
		ADDED from AndroidManifest.xml:12:22
uses-permission#android.permission.READ_PHONE_STATE
ADDED from AndroidManifest.xml:13:5
	android:name
		ADDED from AndroidManifest.xml:13:22
uses-permission#android.permission.RECEIVE_BOOT_COMPLETED
ADDED from AndroidManifest.xml:14:5
	android:name
		ADDED from AndroidManifest.xml:14:22
uses-permission#android.permission.READ_CONTACTS
ADDED from AndroidManifest.xml:15:5
	android:name
		ADDED from AndroidManifest.xml:15:22
uses-permission#android.permission.SEND_SMS
ADDED from AndroidManifest.xml:16:5
	android:name
		ADDED from AndroidManifest.xml:16:22
uses-permission#android.permission.RECEIVE_SMS
ADDED from AndroidManifest.xml:17:5
	android:name
		ADDED from AndroidManifest.xml:17:22
uses-permission#android.permission.ACCESS_FINE_LOCATION
ADDED from AndroidManifest.xml:18:5
	android:name
		ADDED from AndroidManifest.xml:18:22
uses-permission#android.permission.ACCESS_COARSE_LOCATION
ADDED from AndroidManifest.xml:19:5
	android:name
		ADDED from AndroidManifest.xml:19:22
uses-permission#android.permission.VIBRATE
ADDED from AndroidManifest.xml:20:5
	android:name
		ADDED from AndroidManifest.xml:20:22
uses-permission#android.permission.PROCESS_OUTGOING_CALLS
ADDED from AndroidManifest.xml:21:5
	android:name
		ADDED from AndroidManifest.xml:21:22
uses-permission#android.permission.SYSTEM_ALERT_WINDOW
ADDED from AndroidManifest.xml:22:5
	android:name
		ADDED from AndroidManifest.xml:22:22
uses-permission#android.permission.CALL_PHONE
ADDED from AndroidManifest.xml:24:5
	android:name
		ADDED from AndroidManifest.xml:24:22
uses-permission#android.permission.READ_CALL_LOG
ADDED from AndroidManifest.xml:25:5
	android:name
		ADDED from AndroidManifest.xml:25:22
uses-permission#android.permission.WRITE_CALL_LOG
ADDED from AndroidManifest.xml:26:5
	android:name
		ADDED from AndroidManifest.xml:26:22
uses-permission#android.permission.READ_SMS
ADDED from AndroidManifest.xml:27:5
	android:name
		ADDED from AndroidManifest.xml:27:22
uses-permission#android.permission.WRITE_SMS
ADDED from AndroidManifest.xml:28:5
	android:name
		ADDED from AndroidManifest.xml:28:22
uses-permission#android.permission.GET_TASKS
ADDED from AndroidManifest.xml:31:5
	android:name
		ADDED from AndroidManifest.xml:31:22
uses-permission#android.permission.ACCESS_WIFI_STATE
ADDED from AndroidManifest.xml:33:5
	android:name
		ADDED from AndroidManifest.xml:33:22
uses-permission#android.permission.ACCESS_NETWORK_STATE
ADDED from AndroidManifest.xml:34:5
	android:name
		ADDED from AndroidManifest.xml:34:22
uses-permission#android.permission.CHANGE_WIFI_STATE
ADDED from AndroidManifest.xml:35:5
	android:name
		ADDED from AndroidManifest.xml:35:22
uses-permission#android.permission.MANAGE_ACCOUNTS
ADDED from AndroidManifest.xml:38:5
	android:name
		ADDED from AndroidManifest.xml:38:22
uses-permission#android.permission.GET_ACCOUNTS
ADDED from AndroidManifest.xml:39:5
	android:name
		ADDED from AndroidManifest.xml:39:22
uses-permission#android.permission.BLUETOOTH
ADDED from AndroidManifest.xml:41:5
	android:name
		ADDED from AndroidManifest.xml:41:22
uses-permission#android.permission.BLUETOOTH_ADMIN
ADDED from AndroidManifest.xml:42:5
	android:name
		ADDED from AndroidManifest.xml:42:22
uses-permission#android.permission.KILL_BACKGROUND_PROCESSES
ADDED from AndroidManifest.xml:43:5
	android:name
		ADDED from AndroidManifest.xml:43:22
uses-permission#com.android.launcher.permission.INSTALL_SHORTCUT
ADDED from AndroidManifest.xml:44:5
	android:name
		ADDED from AndroidManifest.xml:44:22
application
ADDED from AndroidManifest.xml:47:5
	android:label
		ADDED from AndroidManifest.xml:50:9
	android:allowBackup
		ADDED from AndroidManifest.xml:48:9
	android:icon
		ADDED from AndroidManifest.xml:49:9
	android:theme
		ADDED from AndroidManifest.xml:51:9
activity#com.zhuang.safe361.activity.SplashActivity
ADDED from AndroidManifest.xml:52:9
	android:label
		ADDED from AndroidManifest.xml:54:13
	android:name
		ADDED from AndroidManifest.xml:53:13
intent-filter#android.intent.action.MAIN+android.intent.category.LAUNCHER
ADDED from AndroidManifest.xml:55:13
action#android.intent.action.MAIN
ADDED from AndroidManifest.xml:56:17
	android:name
		ADDED from AndroidManifest.xml:56:25
category#android.intent.category.LAUNCHER
ADDED from AndroidManifest.xml:58:17
	android:name
		ADDED from AndroidManifest.xml:58:27
activity#com.zhuang.safe361.activity.HomeActivity
ADDED from AndroidManifest.xml:61:9
	android:label
		ADDED from AndroidManifest.xml:63:13
	android:name
		ADDED from AndroidManifest.xml:62:13
intent-filter#android.intent.action.HOME+android.intent.category.DEFAULT
ADDED from AndroidManifest.xml:64:13
action#android.intent.action.HOME
ADDED from AndroidManifest.xml:65:17
	android:name
		ADDED from AndroidManifest.xml:65:25
category#android.intent.category.DEFAULT
ADDED from AndroidManifest.xml:67:17
	android:name
		ADDED from AndroidManifest.xml:67:27
activity#com.zhuang.safe361.activity.SettingActivity
ADDED from AndroidManifest.xml:70:9
	android:label
		ADDED from AndroidManifest.xml:72:13
	android:name
		ADDED from AndroidManifest.xml:71:13
activity#com.zhuang.safe361.activity.LostFindActivity
ADDED from AndroidManifest.xml:74:9
	android:label
		ADDED from AndroidManifest.xml:76:13
	android:name
		ADDED from AndroidManifest.xml:75:13
activity#com.zhuang.safe361.activity.Setup2Activity
ADDED from AndroidManifest.xml:78:9
	android:label
		ADDED from AndroidManifest.xml:80:13
	android:name
		ADDED from AndroidManifest.xml:79:13
activity#com.zhuang.safe361.activity.Setup3Activity
ADDED from AndroidManifest.xml:82:9
	android:label
		ADDED from AndroidManifest.xml:84:13
	android:name
		ADDED from AndroidManifest.xml:83:13
activity#com.zhuang.safe361.activity.Setup4Activity
ADDED from AndroidManifest.xml:86:9
	android:label
		ADDED from AndroidManifest.xml:88:13
	android:name
		ADDED from AndroidManifest.xml:87:13
activity#com.zhuang.safe361.activity.Setup1Activity
ADDED from AndroidManifest.xml:90:9
	android:label
		ADDED from AndroidManifest.xml:92:13
	android:name
		ADDED from AndroidManifest.xml:91:13
activity#com.zhuang.safe361.activity.ContactActivity
ADDED from AndroidManifest.xml:94:9
	android:label
		ADDED from AndroidManifest.xml:96:13
	android:name
		ADDED from AndroidManifest.xml:95:13
receiver#com.zhuang.safe361.receiver.BootCompleteReceiver
ADDED from AndroidManifest.xml:99:9
	android:name
		ADDED from AndroidManifest.xml:99:19
intent-filter#android.intent.action.BOOT_COMPLETED
ADDED from AndroidManifest.xml:100:13
action#android.intent.action.BOOT_COMPLETED
ADDED from AndroidManifest.xml:101:17
	android:name
		ADDED from AndroidManifest.xml:101:25
receiver#com.zhuang.safe361.receiver.SmsReceiver
ADDED from AndroidManifest.xml:104:9
	android:name
		ADDED from AndroidManifest.xml:104:19
intent-filter#android.provider.Telephony.SMS_RECEIVED
ADDED from AndroidManifest.xml:105:13
	android:priority
		ADDED from AndroidManifest.xml:105:28
action#android.provider.Telephony.SMS_RECEIVED
ADDED from AndroidManifest.xml:106:17
	android:name
		ADDED from AndroidManifest.xml:106:25
service#com.zhuang.safe361.service.LocationService
ADDED from AndroidManifest.xml:110:9
	android:name
		ADDED from AndroidManifest.xml:110:18
service#com.zhuang.safe361.service.AddressService
ADDED from AndroidManifest.xml:112:9
	android:name
		ADDED from AndroidManifest.xml:112:18
activity#com.zhuang.safe361.activity.AdvanceToolsActivity
ADDED from AndroidManifest.xml:115:9
	android:label
		ADDED from AndroidManifest.xml:117:13
	android:name
		ADDED from AndroidManifest.xml:116:13
activity#com.zhuang.safe361.activity.AddressQueryActivity
ADDED from AndroidManifest.xml:119:9
	android:label
		ADDED from AndroidManifest.xml:121:13
	android:name
		ADDED from AndroidManifest.xml:120:13
activity#com.zhuang.safe361.activity.DragViewActivity
ADDED from AndroidManifest.xml:123:9
	android:theme
		ADDED from AndroidManifest.xml:125:13
	android:name
		ADDED from AndroidManifest.xml:124:13
activity#com.zhuang.safe361.activity.BlackNumberActivity
ADDED from AndroidManifest.xml:127:9
	android:label
		ADDED from AndroidManifest.xml:129:13
	android:name
		ADDED from AndroidManifest.xml:128:13
service#com.zhuang.safe361.service.BlackNumberService
ADDED from AndroidManifest.xml:132:9
	android:name
		ADDED from AndroidManifest.xml:132:18
activity#com.zhuang.safe361.activity.AppManagerActivity
ADDED from AndroidManifest.xml:135:9
	android:label
		ADDED from AndroidManifest.xml:137:13
	android:name
		ADDED from AndroidManifest.xml:136:13
activity#com.zhuang.safe361.activity.ProcessManagerActivity
ADDED from AndroidManifest.xml:139:9
	android:name
		ADDED from AndroidManifest.xml:139:19
activity#com.mob.tools.MobUIShell
ADDED from AndroidManifest.xml:141:9
	android:windowSoftInputMode
		ADDED from AndroidManifest.xml:146:13
	android:screenOrientation
		ADDED from AndroidManifest.xml:144:13
	android:configChanges
		ADDED from AndroidManifest.xml:143:13
	android:theme
		ADDED from AndroidManifest.xml:145:13
	android:name
		ADDED from AndroidManifest.xml:142:13
intent-filter#android.intent.action.VIEW+android.intent.category.BROWSABLE+android.intent.category.DEFAULT
ADDED from AndroidManifest.xml:147:13
data
ADDED from AndroidManifest.xml:148:17
	android:scheme
		ADDED from AndroidManifest.xml:148:23
action#android.intent.action.VIEW
ADDED from AndroidManifest.xml:150:17
	android:name
		ADDED from AndroidManifest.xml:150:25
category#android.intent.category.BROWSABLE
ADDED from AndroidManifest.xml:152:17
	android:name
		ADDED from AndroidManifest.xml:152:27
intent-filter#android.intent.category.DEFAULT+com.sina.weibo.sdk.action.ACTION_SDK_REQ_ACTIVITY
ADDED from AndroidManifest.xml:157:13
action#com.sina.weibo.sdk.action.ACTION_SDK_REQ_ACTIVITY
ADDED from AndroidManifest.xml:158:17
	android:name
		ADDED from AndroidManifest.xml:158:25
activity#com.zhuang.safe361.wxapi.WXEntryActivity
ADDED from AndroidManifest.xml:165:9
	android:screenOrientation
		ADDED from AndroidManifest.xml:169:13
	android:configChanges
		ADDED from AndroidManifest.xml:167:13
	android:theme
		ADDED from AndroidManifest.xml:170:13
	android:exported
		ADDED from AndroidManifest.xml:168:13
	android:name
		ADDED from AndroidManifest.xml:166:13
activity#com.zhuang.safe361.activity.ProcessSettingActivity
ADDED from AndroidManifest.xml:171:9
	android:label
		ADDED from AndroidManifest.xml:173:13
	android:name
		ADDED from AndroidManifest.xml:172:13
service#com.zhuang.safe361.service.LockScreenService
ADDED from AndroidManifest.xml:176:9
	android:exported
		ADDED from AndroidManifest.xml:179:13
	android:enabled
		ADDED from AndroidManifest.xml:178:13
	android:name
		ADDED from AndroidManifest.xml:177:13
activity#com.zhuang.safe361.activity.CommonNumberQueryActivity
ADDED from AndroidManifest.xml:182:9
	android:label
		ADDED from AndroidManifest.xml:184:13
	android:name
		ADDED from AndroidManifest.xml:183:13
receiver#com.zhuang.safe361.receiver.MyAppWidgetProvider
ADDED from AndroidManifest.xml:187:9
	android:name
		ADDED from AndroidManifest.xml:187:19
intent-filter#android.appwidget.action.APPWIDGET_UPDATE
ADDED from AndroidManifest.xml:188:13
action#android.appwidget.action.APPWIDGET_UPDATE
ADDED from AndroidManifest.xml:189:17
	android:name
		ADDED from AndroidManifest.xml:189:25
meta-data#android.appwidget.provider
ADDED from AndroidManifest.xml:192:13
	android:resource
		ADDED from AndroidManifest.xml:194:17
	android:name
		ADDED from AndroidManifest.xml:193:17
service#com.zhuang.safe361.service.UpdateWidgetService
ADDED from AndroidManifest.xml:197:9
	android:exported
		ADDED from AndroidManifest.xml:200:13
	android:enabled
		ADDED from AndroidManifest.xml:199:13
	android:name
		ADDED from AndroidManifest.xml:198:13
receiver#com.zhuang.safe361.receiver.KillProcessReceiver
ADDED from AndroidManifest.xml:203:9
	android:name
		ADDED from AndroidManifest.xml:203:19
intent-filter#android.intent.action.KILL_BACKGROUND_PROCESS
ADDED from AndroidManifest.xml:204:13
action#android.intent.action.KILL_BACKGROUND_PROCESS
ADDED from AndroidManifest.xml:205:17
	android:name
		ADDED from AndroidManifest.xml:205:25
activity#com.zhuang.safe361.activity.AppLockActivity
ADDED from AndroidManifest.xml:209:9
	android:label
		ADDED from AndroidManifest.xml:211:13
	android:name
		ADDED from AndroidManifest.xml:210:13
service#com.zhuang.safe361.service.WatchDogService
ADDED from AndroidManifest.xml:214:9
	android:name
		ADDED from AndroidManifest.xml:215:13
activity#com.zhuang.safe361.activity.EnterPsdActivity
ADDED from AndroidManifest.xml:219:9
	android:excludeFromRecents
		ADDED from AndroidManifest.xml:222:13
	android:name
		ADDED from AndroidManifest.xml:220:13
	android:launchMode
		ADDED from AndroidManifest.xml:221:13